PPHttpConnection: Connecting to https://api.sandbox.paypal.com/v1/oauth2/token
PPHttpConnection: Payload grant_type=client_credentials
PPHttpConnection: Adding header Authorization: Basic QWRyVnVCQTcyc3d2cmZmOTQxWDNiNDl5bU9hbmpUTmd3WUU2ZFFFMHF5aWo1d204bzV3WnRueFBXemJJOkVPT24tQkRSM2dwOTVaQTh0SGlOLUFtM0EyWFdjeHcxMlNwbXdDTzZBMUVYMkZIWHd5WmdMYlNKaWd1Xw==
PPHttpConnection: Adding header Accept: */*
PPHttpConnection: Connecting to https://api.sandbox.paypal.com/v1/oauth2/token
PPHttpConnection: Payload grant_type=client_credentials
PPHttpConnection: Adding header Authorization: Basic QWRyVnVCQTcyc3d2cmZmOTQxWDNiNDl5bU9hbmpUTmd3WUU2ZFFFMHF5aWo1d204bzV3WnRueFBXemJJOkVPT24tQkRSM2dwOTVaQTh0SGlOLUFtM0EyWFdjeHcxMlNwbXdDTzZBMUVYMkZIWHd5WmdMYlNKaWd1Xw==
PPHttpConnection: Adding header Accept: */*
PPHttpConnection: Connecting to https://api-3t.sandbox.paypal.com/nvp/v1/oauth2/token
PPHttpConnection: Payload grant_type=client_credentials
PPHttpConnection: Adding header Authorization: Basic QWRyVnVCQTcyc3d2cmZmOTQxWDNiNDl5bU9hbmpUTmd3WUU2ZFFFMHF5aWo1d204bzV3WnRueFBXemJJOkVPT24tQkRSM2dwOTVaQTh0SGlOLUFtM0EyWFdjeHcxMlNwbXdDTzZBMUVYMkZIWHd5WmdMYlNKaWd1Xw==
PPHttpConnection: Adding header Accept: */*
PPHttpConnection: Connecting to https://api.sandbox.paypal.com/v1/oauth2/token
PPHttpConnection: Payload grant_type=client_credentials
PPHttpConnection: Adding header Authorization: Basic QWRyVnVCQTcyc3d2cmZmOTQxWDNiNDl5bU9hbmpUTmd3WUU2ZFFFMHF5aWo1d204bzV3WnRueFBXemJJOkVPT24tQkRSM2dwOTVaQTh0SGlOLUFtM0EyWFdjeHcxMlNwbXdDTzZBMUVYMkZIWHd5WmdMYlNKaWd1Xw==
PPHttpConnection: Adding header Accept: */*
PPHttpConnection: Connecting to https://api.sandbox.paypal.com/v1/oauth2/token
PPHttpConnection: Payload grant_type=client_credentials
PPHttpConnection: Adding header Authorization: Basic RUJXS2psRUxLTVlxUk5RNnNZdkZvNjRGdGFSTFJSNUJkSEVFU21oYTQ5VE06RU80MjJkbjNnUUxnRGJ1d3FUanpyRmdGdGFSTFJSNUJkSEVFU21oYTQ5VE0=
PPHttpConnection: Adding header Accept: */*
[09-02-2015 09:15:38] PayPal\Core\PayPalHttpConnection: INFO	: POST https://api.sandbox.paypal.com/v1/oauth2/token
[09-02-2015 09:15:41] PayPal\Core\PayPalHttpConnection: INFO	: Response Status 	: 200
[09-02-2015 09:15:41] PayPal\Core\PayPalHttpConnection: INFO	: POST https://api.sandbox.paypal.com/v1/payments/payment
[09-02-2015 09:16:13] PayPal\Core\PayPalHttpConnection: INFO	: Response Status 	: 500
[09-02-2015 09:16:13] PayPal\Core\PayPalHttpConnection: ERROR	: Got Http response code 500 when accessing https://api.sandbox.paypal.com/v1/payments/payment. {"name":"INTERNAL_SERVICE_ERROR","message":"An internal service error has occurred","information_link":"https://developer.paypal.com/webapps/developer/docs/api/#INTERNAL_SERVICE_ERROR","debug_id":"65c524c46a6ad"}
[09-02-2015 09:16:29] PayPal\Core\PayPalHttpConnection: INFO	: POST https://api.sandbox.paypal.com/v1/oauth2/token
[09-02-2015 09:16:32] PayPal\Core\PayPalHttpConnection: INFO	: Response Status 	: 200
[09-02-2015 09:16:32] PayPal\Core\PayPalHttpConnection: INFO	: POST https://api.sandbox.paypal.com/v1/payments/payment
[09-02-2015 09:16:37] PayPal\Core\PayPalHttpConnection: INFO	: Response Status 	: 201
[09-02-2015 09:18:01] PayPal\Core\PayPalHttpConnection: INFO	: POST https://api.sandbox.paypal.com/v1/oauth2/token
[09-02-2015 09:18:03] PayPal\Core\PayPalHttpConnection: INFO	: Response Status 	: 200
[09-02-2015 09:18:03] PayPal\Core\PayPalHttpConnection: INFO	: POST https://api.sandbox.paypal.com/v1/payments/payment
[09-02-2015 09:18:09] PayPal\Core\PayPalHttpConnection: INFO	: Response Status 	: 201
[09-02-2015 09:20:43] PayPal\Core\PayPalHttpConnection: INFO	: POST https://api.sandbox.paypal.com/v1/oauth2/token
[09-02-2015 09:20:45] PayPal\Core\PayPalHttpConnection: INFO	: Response Status 	: 200
[09-02-2015 09:20:45] PayPal\Core\PayPalHttpConnection: INFO	: POST https://api.sandbox.paypal.com/v1/payments/payment
[09-02-2015 09:20:53] PayPal\Core\PayPalHttpConnection: INFO	: Response Status 	: 201
[09-02-2015 12:12:39] PayPal\Core\PayPalHttpConnection: INFO	: POST https://api.sandbox.paypal.com/v1/oauth2/token
[09-02-2015 12:12:42] PayPal\Core\PayPalHttpConnection: INFO	: Response Status 	: 200
[09-02-2015 12:12:42] PayPal\Core\PayPalHttpConnection: INFO	: POST https://api.sandbox.paypal.com/v1/payments/payment
[09-02-2015 12:12:47] PayPal\Core\PayPalHttpConnection: INFO	: Response Status 	: 201
[09-02-2015 12:50:11] PayPal\Core\PayPalHttpConnection: INFO	: POST https://api.sandbox.paypal.com/v1/oauth2/token
[09-02-2015 12:50:14] PayPal\Core\PayPalHttpConnection: INFO	: Response Status 	: 200
[09-02-2015 12:50:14] PayPal\Core\PayPalHttpConnection: INFO	: POST https://api.sandbox.paypal.com/v1/payments/payment
[09-02-2015 12:50:19] PayPal\Core\PayPalHttpConnection: INFO	: Response Status 	: 201
[09-02-2015 12:50:49] PayPal\Core\PayPalHttpConnection: INFO	: POST https://api.sandbox.paypal.com/v1/oauth2/token
[09-02-2015 12:50:52] PayPal\Core\PayPalHttpConnection: INFO	: Response Status 	: 200
[09-02-2015 12:50:52] PayPal\Core\PayPalHttpConnection: INFO	: POST https://api.sandbox.paypal.com/v1/payments/payment
[09-02-2015 12:50:57] PayPal\Core\PayPalHttpConnection: INFO	: Response Status 	: 201
[09-02-2015 02:20:34] PayPal\Core\PayPalHttpConnection: INFO	: POST https://api.sandbox.paypal.com/v1/oauth2/token
[09-02-2015 02:20:37] PayPal\Core\PayPalHttpConnection: INFO	: Response Status 	: 200
[09-02-2015 02:20:37] PayPal\Core\PayPalHttpConnection: INFO	: POST https://api.sandbox.paypal.com/v1/payments/payment
[09-02-2015 02:20:39] PayPal\Core\PayPalHttpConnection: INFO	: Response Status 	: 400
[09-02-2015 02:20:39] PayPal\Core\PayPalHttpConnection: ERROR	: Got Http response code 400 when accessing https://api.sandbox.paypal.com/v1/payments/payment. {"name":"VALIDATION_ERROR","details":[{"field":"payer.funding_instruments[0].credit_card.number","issue":"Required field missing"}],"message":"Invalid request - see details","information_link":"https://developer.paypal.com/webapps/developer/docs/api/#VALIDATION_ERROR","debug_id":"ceae4e7b124d7"}
[09-02-2015 02:20:59] PayPal\Core\PayPalHttpConnection: INFO	: POST https://api.sandbox.paypal.com/v1/oauth2/token
[09-02-2015 02:21:01] PayPal\Core\PayPalHttpConnection: INFO	: Response Status 	: 200
[09-02-2015 02:21:01] PayPal\Core\PayPalHttpConnection: INFO	: POST https://api.sandbox.paypal.com/v1/payments/payment
[09-02-2015 02:21:06] PayPal\Core\PayPalHttpConnection: INFO	: Response Status 	: 201
[09-02-2015 02:21:39] PayPal\Core\PayPalHttpConnection: INFO	: POST https://api.sandbox.paypal.com/v1/oauth2/token
[09-02-2015 02:21:41] PayPal\Core\PayPalHttpConnection: INFO	: Response Status 	: 200
[09-02-2015 02:21:41] PayPal\Core\PayPalHttpConnection: INFO	: POST https://api.sandbox.paypal.com/v1/payments/payment
[09-02-2015 02:21:46] PayPal\Core\PayPalHttpConnection: INFO	: Response Status 	: 201
[10-02-2015 06:09:01] PayPal\Core\PayPalHttpConnection: INFO	: POST https://api.sandbox.paypal.com/v1/oauth2/token
[10-02-2015 06:09:20] PayPal\Core\PayPalHttpConnection: INFO	: POST https://api.sandbox.paypal.com/v1/oauth2/token
[10-02-2015 06:09:25] PayPal\Core\PayPalHttpConnection: INFO	: Response Status 	: 200
[10-02-2015 06:09:25] PayPal\Core\PayPalHttpConnection: INFO	: POST https://api.sandbox.paypal.com/v1/payments/payment
[10-02-2015 06:09:38] PayPal\Core\PayPalHttpConnection: INFO	: Response Status 	: 201
[10-02-2015 06:27:25] PayPal\Core\PayPalHttpConnection: INFO	: POST https://api.sandbox.paypal.com/v1/oauth2/token
[10-02-2015 06:27:30] PayPal\Core\PayPalHttpConnection: INFO	: Response Status 	: 200
[10-02-2015 06:27:30] PayPal\Core\PayPalHttpConnection: INFO	: POST https://api.sandbox.paypal.com/v1/payments/payment
[10-02-2015 06:27:34] PayPal\Core\PayPalHttpConnection: INFO	: Response Status 	: 400
[10-02-2015 06:27:34] PayPal\Core\PayPalHttpConnection: ERROR	: Got Http response code 400 when accessing https://api.sandbox.paypal.com/v1/payments/payment. {"name":"VALIDATION_ERROR","details":[{"field":"payer.funding_instruments[0].credit_card.number","issue":"Required field missing"}],"message":"Invalid request - see details","information_link":"https://developer.paypal.com/webapps/developer/docs/api/#VALIDATION_ERROR","debug_id":"9593ca46b8c82"}
[10-02-2015 06:28:36] PayPal\Core\PayPalHttpConnection: INFO	: POST https://api.sandbox.paypal.com/v1/oauth2/token
[10-02-2015 06:28:47] PayPal\Core\PayPalHttpConnection: INFO	: Response Status 	: 200
[10-02-2015 06:28:47] PayPal\Core\PayPalHttpConnection: INFO	: POST https://api.sandbox.paypal.com/v1/payments/payment
[10-02-2015 06:28:53] PayPal\Core\PayPalHttpConnection: INFO	: Response Status 	: 201
[10-02-2015 06:29:26] PayPal\Core\PayPalHttpConnection: INFO	: POST https://api.sandbox.paypal.com/v1/oauth2/token
[10-02-2015 06:29:42] PayPal\Core\PayPalHttpConnection: INFO	: POST https://api.sandbox.paypal.com/v1/oauth2/token
[10-02-2015 06:29:47] PayPal\Core\PayPalHttpConnection: INFO	: Response Status 	: 200
[10-02-2015 06:29:47] PayPal\Core\PayPalHttpConnection: INFO	: POST https://api.sandbox.paypal.com/v1/payments/payment
[10-02-2015 06:29:50] PayPal\Core\PayPalHttpConnection: INFO	: Response Status 	: 400
[10-02-2015 06:29:50] PayPal\Core\PayPalHttpConnection: ERROR	: Got Http response code 400 when accessing https://api.sandbox.paypal.com/v1/payments/payment. {"name":"VALIDATION_ERROR","details":[{"field":"payer.funding_instruments[0].credit_card.number","issue":"Value is invalid"}],"message":"Invalid request - see details","information_link":"https://developer.paypal.com/webapps/developer/docs/api/#VALIDATION_ERROR","debug_id":"add8206c87977"}
[10-02-2015 06:30:20] PayPal\Core\PayPalHttpConnection: INFO	: POST https://api.sandbox.paypal.com/v1/oauth2/token
[10-02-2015 06:30:25] PayPal\Core\PayPalHttpConnection: INFO	: Response Status 	: 200
[10-02-2015 06:30:25] PayPal\Core\PayPalHttpConnection: INFO	: POST https://api.sandbox.paypal.com/v1/payments/payment
[10-02-2015 06:30:28] PayPal\Core\PayPalHttpConnection: INFO	: Response Status 	: 400
[10-02-2015 06:30:28] PayPal\Core\PayPalHttpConnection: ERROR	: Got Http response code 400 when accessing https://api.sandbox.paypal.com/v1/payments/payment. {"name":"VALIDATION_ERROR","details":[{"field":"payer.funding_instruments[0].credit_card.number","issue":"Value is invalid"}],"message":"Invalid request - see details","information_link":"https://developer.paypal.com/webapps/developer/docs/api/#VALIDATION_ERROR","debug_id":"1309014680e7c"}
[10-02-2015 06:34:16] PayPal\Core\PayPalHttpConnection: INFO	: POST https://api.sandbox.paypal.com/v1/oauth2/token
[10-02-2015 06:34:33] PayPal\Core\PayPalHttpConnection: INFO	: POST https://api.sandbox.paypal.com/v1/oauth2/token
[10-02-2015 06:34:37] PayPal\Core\PayPalHttpConnection: INFO	: Response Status 	: 200
[10-02-2015 06:34:37] PayPal\Core\PayPalHttpConnection: INFO	: POST https://api.sandbox.paypal.com/v1/payments/payment
[10-02-2015 06:34:40] PayPal\Core\PayPalHttpConnection: INFO	: Response Status 	: 400
[10-02-2015 06:34:40] PayPal\Core\PayPalHttpConnection: ERROR	: Got Http response code 400 when accessing https://api.sandbox.paypal.com/v1/payments/payment. {"name":"VALIDATION_ERROR","details":[{"field":"payer.funding_instruments[0].credit_card","issue":"The credit card number is not valid for the specified credit card type"}],"message":"Invalid request - see details","information_link":"https://developer.paypal.com/webapps/developer/docs/api/#VALIDATION_ERROR","debug_id":"30950f4240f10"}
[10-02-2015 06:36:26] PayPal\Core\PayPalHttpConnection: INFO	: POST https://api.sandbox.paypal.com/v1/oauth2/token
[10-02-2015 06:36:41] PayPal\Core\PayPalHttpConnection: INFO	: POST https://api.sandbox.paypal.com/v1/oauth2/token
[10-02-2015 06:36:52] PayPal\Core\PayPalHttpConnection: INFO	: Response Status 	: 200
[10-02-2015 06:36:52] PayPal\Core\PayPalHttpConnection: INFO	: POST https://api.sandbox.paypal.com/v1/payments/payment
[10-02-2015 06:36:55] PayPal\Core\PayPalHttpConnection: INFO	: Response Status 	: 400
[10-02-2015 06:36:55] PayPal\Core\PayPalHttpConnection: ERROR	: Got Http response code 400 when accessing https://api.sandbox.paypal.com/v1/payments/payment. {"name":"VALIDATION_ERROR","details":[{"field":"payer.funding_instruments[0].credit_card","issue":"The credit card number is not valid for the specified credit card type"}],"message":"Invalid request - see details","information_link":"https://developer.paypal.com/webapps/developer/docs/api/#VALIDATION_ERROR","debug_id":"520d5f5b218ce"}
[10-02-2015 06:37:15] PayPal\Core\PayPalHttpConnection: INFO	: POST https://api.sandbox.paypal.com/v1/oauth2/token
[10-02-2015 06:37:25] PayPal\Core\PayPalHttpConnection: INFO	: Response Status 	: 200
[10-02-2015 06:37:25] PayPal\Core\PayPalHttpConnection: INFO	: POST https://api.sandbox.paypal.com/v1/payments/payment
[10-02-2015 06:37:28] PayPal\Core\PayPalHttpConnection: INFO	: Response Status 	: 400
[10-02-2015 06:37:28] PayPal\Core\PayPalHttpConnection: ERROR	: Got Http response code 400 when accessing https://api.sandbox.paypal.com/v1/payments/payment. {"name":"VALIDATION_ERROR","details":[{"field":"payer.funding_instruments[0].credit_card","issue":"The credit card number is not valid for the specified credit card type"}],"message":"Invalid request - see details","information_link":"https://developer.paypal.com/webapps/developer/docs/api/#VALIDATION_ERROR","debug_id":"8aaf478517da5"}
[10-02-2015 06:38:04] PayPal\Core\PayPalHttpConnection: INFO	: POST https://api.sandbox.paypal.com/v1/oauth2/token
[10-02-2015 06:38:08] PayPal\Core\PayPalHttpConnection: INFO	: Response Status 	: 200
[10-02-2015 06:38:08] PayPal\Core\PayPalHttpConnection: INFO	: POST https://api.sandbox.paypal.com/v1/payments/payment
[10-02-2015 06:38:11] PayPal\Core\PayPalHttpConnection: INFO	: Response Status 	: 400
[10-02-2015 06:38:11] PayPal\Core\PayPalHttpConnection: ERROR	: Got Http response code 400 when accessing https://api.sandbox.paypal.com/v1/payments/payment. {"name":"VALIDATION_ERROR","details":[{"field":"payer.funding_instruments[0].credit_card.number","issue":"Value is invalid"}],"message":"Invalid request - see details","information_link":"https://developer.paypal.com/webapps/developer/docs/api/#VALIDATION_ERROR","debug_id":"70c91d571d728"}
[10-02-2015 06:40:17] PayPal\Core\PayPalHttpConnection: INFO	: POST https://api.sandbox.paypal.com/v1/oauth2/token
[10-02-2015 06:40:35] PayPal\Core\PayPalHttpConnection: INFO	: POST https://api.sandbox.paypal.com/v1/oauth2/token
[10-02-2015 06:40:56] PayPal\Core\PayPalHttpConnection: INFO	: POST https://api.sandbox.paypal.com/v1/oauth2/token
[10-02-2015 06:41:04] PayPal\Core\PayPalHttpConnection: INFO	: Response Status 	: 200
[10-02-2015 06:41:04] PayPal\Core\PayPalHttpConnection: INFO	: POST https://api.sandbox.paypal.com/v1/payments/payment
[10-02-2015 06:41:09] PayPal\Core\PayPalHttpConnection: INFO	: Response Status 	: 400
[10-02-2015 06:41:09] PayPal\Core\PayPalHttpConnection: ERROR	: Got Http response code 400 when accessing https://api.sandbox.paypal.com/v1/payments/payment. {"name":"VALIDATION_ERROR","details":[{"field":"payer.funding_instruments[0].credit_card.number","issue":"Value is invalid"}],"message":"Invalid request - see details","information_link":"https://developer.paypal.com/webapps/developer/docs/api/#VALIDATION_ERROR","debug_id":"c653463fedfda"}
[10-02-2015 06:45:08] PayPal\Core\PayPalHttpConnection: INFO	: POST https://api.sandbox.paypal.com/v1/oauth2/token
[10-02-2015 06:45:25] PayPal\Core\PayPalHttpConnection: INFO	: POST https://api.sandbox.paypal.com/v1/oauth2/token
[10-02-2015 06:45:30] PayPal\Core\PayPalHttpConnection: INFO	: Response Status 	: 200
[10-02-2015 06:45:30] PayPal\Core\PayPalHttpConnection: INFO	: POST https://api.sandbox.paypal.com/v1/payments/payment
[10-02-2015 06:45:32] PayPal\Core\PayPalHttpConnection: INFO	: Response Status 	: 400
[10-02-2015 06:45:32] PayPal\Core\PayPalHttpConnection: ERROR	: Got Http response code 400 when accessing https://api.sandbox.paypal.com/v1/payments/payment. {"name":"VALIDATION_ERROR","details":[{"field":"payer.funding_instruments[0].credit_card.number","issue":"Value is invalid"}],"message":"Invalid request - see details","information_link":"https://developer.paypal.com/webapps/developer/docs/api/#VALIDATION_ERROR","debug_id":"c1966144afec3"}
[10-02-2015 06:47:46] PayPal\Core\PayPalHttpConnection: INFO	: POST https://api.sandbox.paypal.com/v1/oauth2/token
[10-02-2015 06:47:56] PayPal\Core\PayPalHttpConnection: INFO	: Response Status 	: 200
[10-02-2015 06:47:56] PayPal\Core\PayPalHttpConnection: INFO	: POST https://api.sandbox.paypal.com/v1/payments/payment
[10-02-2015 06:47:59] PayPal\Core\PayPalHttpConnection: INFO	: Response Status 	: 400
[10-02-2015 06:47:59] PayPal\Core\PayPalHttpConnection: ERROR	: Got Http response code 400 when accessing https://api.sandbox.paypal.com/v1/payments/payment. {"name":"VALIDATION_ERROR","details":[{"field":"payer.funding_instruments[0].credit_card.number","issue":"Value is invalid"}],"message":"Invalid request - see details","information_link":"https://developer.paypal.com/webapps/developer/docs/api/#VALIDATION_ERROR","debug_id":"711804b783879"}
[10-02-2015 06:51:11] PayPal\Core\PayPalHttpConnection: INFO	: POST https://api.sandbox.paypal.com/v1/oauth2/token
[10-02-2015 06:51:19] PayPal\Core\PayPalHttpConnection: INFO	: Response Status 	: 200
[10-02-2015 06:51:19] PayPal\Core\PayPalHttpConnection: INFO	: POST https://api.sandbox.paypal.com/v1/payments/payment
[10-02-2015 06:51:28] PayPal\Core\PayPalHttpConnection: INFO	: Response Status 	: 201
[10-02-2015 09:07:26] PayPal\Core\PayPalHttpConnection: INFO	: POST https://api.sandbox.paypal.com/v1/oauth2/token
[10-02-2015 09:07:29] PayPal\Core\PayPalHttpConnection: INFO	: Response Status 	: 200
[10-02-2015 09:07:29] PayPal\Core\PayPalHttpConnection: INFO	: POST https://api.sandbox.paypal.com/v1/payments/payment
[10-02-2015 09:07:38] PayPal\Core\PayPalHttpConnection: INFO	: Response Status 	: 201
[10-02-2015 09:11:11] PayPal\Core\PayPalHttpConnection: INFO	: POST https://api.sandbox.paypal.com/v1/oauth2/token
[10-02-2015 09:11:15] PayPal\Core\PayPalHttpConnection: INFO	: Response Status 	: 200
[10-02-2015 09:11:15] PayPal\Core\PayPalHttpConnection: INFO	: POST https://api.sandbox.paypal.com/v1/payments/payment
[10-02-2015 09:11:21] PayPal\Core\PayPalHttpConnection: INFO	: Response Status 	: 201
